<?xml version="1.0" encoding="UTF-8"?>
<!-- Generated by org.testng.reporters.JUnitXMLReporter -->
<testsuite ignored="0" hostname="DESKTOP-5R2Q5LI" failures="0" tests="7" name="Default test" time="34.215" errors="0" timestamp="2022-04-16T14:50:17 IST">
  <testcase classname="testcases.AspireApp" name="Login" time="3.125"/>
  <testcase classname="testcases.AspireApp" name="navigateToProduct" time="0.678"/>
  <testcase classname="testcases.AspireApp" name="createProduct" time="5.495"/>
  <testcase classname="testcases.AspireApp" name="updateProduct" time="8.098"/>
  <testcase classname="testcases.AspireApp" name="navigateToManufacturing" time="0.161"/>
  <testcase classname="testcases.AspireApp" name="createManufacturingOrder" time="6.358"/>
  <testcase classname="testcases.AspireApp" name="verifyCreatedMO" time="0.601"/>
</testsuite> <!-- Default test -->
