<?xml version="1.0" encoding="UTF-8"?>
<testng-results ignored="0" total="7" passed="7" failed="0" skipped="0">
  <reporter-output>
  </reporter-output>
  <suite started-at="2022-04-16T14:49:43 IST" name="Default suite" finished-at="2022-04-16T14:50:17 IST" duration-ms="34215">
    <groups>
    </groups>
    <test started-at="2022-04-16T14:49:43 IST" name="Default test" finished-at="2022-04-16T14:50:17 IST" duration-ms="34215">
      <class name="testcases.AspireApp">
        <test-method is-config="true" signature="setup()[pri:0, instance:testcases.AspireApp@5fdcaa40]" started-at="2022-04-16T14:49:43 IST" name="setup" finished-at="2022-04-16T14:49:48 IST" duration-ms="5762" status="PASS">
          <reporter-output>
          </reporter-output>
        </test-method> <!-- setup -->
        <test-method signature="Login()[pri:1, instance:testcases.AspireApp@5fdcaa40]" started-at="2022-04-16T14:49:49 IST" name="Login" finished-at="2022-04-16T14:49:52 IST" duration-ms="3125" status="PASS">
          <reporter-output>
          </reporter-output>
        </test-method> <!-- Login -->
        <test-method signature="navigateToProduct()[pri:2, instance:testcases.AspireApp@5fdcaa40]" started-at="2022-04-16T14:49:52 IST" name="navigateToProduct" finished-at="2022-04-16T14:49:52 IST" duration-ms="678" status="PASS">
          <reporter-output>
          </reporter-output>
        </test-method> <!-- navigateToProduct -->
        <test-method signature="createProduct()[pri:3, instance:testcases.AspireApp@5fdcaa40]" started-at="2022-04-16T14:49:52 IST" name="createProduct" finished-at="2022-04-16T14:49:58 IST" duration-ms="5495" status="PASS">
          <reporter-output>
          </reporter-output>
        </test-method> <!-- createProduct -->
        <test-method signature="updateProduct()[pri:4, instance:testcases.AspireApp@5fdcaa40]" started-at="2022-04-16T14:49:58 IST" name="updateProduct" finished-at="2022-04-16T14:50:06 IST" duration-ms="8098" status="PASS">
          <reporter-output>
          </reporter-output>
        </test-method> <!-- updateProduct -->
        <test-method signature="navigateToManufacturing()[pri:5, instance:testcases.AspireApp@5fdcaa40]" started-at="2022-04-16T14:50:06 IST" name="navigateToManufacturing" finished-at="2022-04-16T14:50:06 IST" duration-ms="161" status="PASS">
          <reporter-output>
          </reporter-output>
        </test-method> <!-- navigateToManufacturing -->
        <test-method signature="createManufacturingOrder()[pri:6, instance:testcases.AspireApp@5fdcaa40]" started-at="2022-04-16T14:50:06 IST" name="createManufacturingOrder" finished-at="2022-04-16T14:50:12 IST" duration-ms="6358" status="PASS">
          <reporter-output>
          </reporter-output>
        </test-method> <!-- createManufacturingOrder -->
        <test-method signature="verifyCreatedMO()[pri:7, instance:testcases.AspireApp@5fdcaa40]" started-at="2022-04-16T14:50:12 IST" name="verifyCreatedMO" finished-at="2022-04-16T14:50:13 IST" duration-ms="601" status="PASS">
          <reporter-output>
          </reporter-output>
        </test-method> <!-- verifyCreatedMO -->
        <test-method is-config="true" signature="tearDown()[pri:0, instance:testcases.AspireApp@5fdcaa40]" started-at="2022-04-16T14:50:13 IST" name="tearDown" finished-at="2022-04-16T14:50:17 IST" duration-ms="3837" status="PASS">
          <reporter-output>
          </reporter-output>
        </test-method> <!-- tearDown -->
      </class> <!-- testcases.AspireApp -->
    </test> <!-- Default test -->
  </suite> <!-- Default suite -->
</testng-results>
